{
    "seed": 42,
    "epoch": 50,
    "lr": 0.001,
    "dropout": 0.2,
    "batch_size": 256,
    "embed_dim": 32,
    "layers": [
        64,
        32,
        16,
        8
    ],
    "name": "mymodel",
    "model_type": "NCF"
}


Neural_Collaborative_Filtering(
  (embed_user): Embedding(7176, 32)
  (embed_item): Embedding(10728, 32)
  (mlp_layers): ModuleList(
    (0): Linear(in_features=64, out_features=32, bias=True)
    (1): BatchNorm1d(32, eps=1e-05, momentum=0.1, affine=True, track_running_stats=True)
    (2): Dropout(p=0.2, inplace=False)
    (3): ReLU()
    (4): Linear(in_features=32, out_features=16, bias=True)
    (5): BatchNorm1d(16, eps=1e-05, momentum=0.1, affine=True, track_running_stats=True)
    (6): Dropout(p=0.2, inplace=False)
    (7): ReLU()
    (8): Linear(in_features=16, out_features=8, bias=True)
    (9): BatchNorm1d(8, eps=1e-05, momentum=0.1, affine=True, track_running_stats=True)
    (10): Dropout(p=0.2, inplace=False)
    (11): ReLU()
  )
  (output): Linear(in_features=8, out_features=1, bias=True)
)
num_parameter: 575793


########### Result ###########
Total train time: 7197.3399s
loading the best model from: /UbuntuHDD/2023_2_AIE4011_RecSys/AIE4011_RecSys_TermProj/checkpoints/checkpoints_seed_42/mymodel.NCF.model

 [Evaluation Results]
Loss: 1.75796
RMSE: 0.83604
MAE: 0.43475


Test RMSE: 0.8360 (Best valid RMSE: 1.6337)
Test MAE: 0.4347 (Best valid MAE: 0.5673)
